\BOOKMARK [0][-]{section*.3}{فهرست اشکال}{}% 1
\BOOKMARK [0][-]{section*.4}{فهرست جداول}{}% 2
\BOOKMARK [0][-]{chapter.1}{شرح مسئله و روند کار}{}% 3
\BOOKMARK [1][-]{section.1.1}{مقدمه}{chapter.1}% 4
\BOOKMARK [0][-]{chapter.2}{توابع ابتدایی}{}% 5
\BOOKMARK [1][-]{section.2.1}{تولید گراف تصادفی}{chapter.2}% 6
\BOOKMARK [1][-]{section.2.2}{بررسی هدف}{chapter.2}% 7
\BOOKMARK [0][-]{chapter.3}{الگوریتم‌ها}{}% 8
\BOOKMARK [1][-]{section.3.1}{A*}{chapter.3}% 9
\BOOKMARK [1][-]{section.3.2}{تخمین و روش محاسبه}{chapter.3}% 10
\BOOKMARK [2][-]{subsection.3.2.1}{بررسی Admissibility}{section.3.2}% 11
\BOOKMARK [2][-]{subsection.3.2.2}{نمونه ها}{section.3.2}% 12
\BOOKMARK [1][-]{section.3.3}{Greedy\040best-first\040search}{chapter.3}% 13
\BOOKMARK [2][-]{subsection.3.3.1}{نمونه ها}{section.3.3}% 14
\BOOKMARK [1][-]{section.3.4}{Hill-climbing}{chapter.3}% 15
\BOOKMARK [2][-]{subsection.3.4.1}{تابع تخمین ارزش}{section.3.4}% 16
\BOOKMARK [2][-]{subsection.3.4.2}{همسایگی}{section.3.4}% 17
\BOOKMARK [2][-]{subsection.3.4.3}{شروع تصادفی}{section.3.4}% 18
\BOOKMARK [2][-]{subsection.3.4.4}{نمونه ها}{section.3.4}% 19
\BOOKMARK [1][-]{section.3.5}{Annealing\040Search}{chapter.3}% 20
\BOOKMARK [2][-]{subsection.3.5.1}{نمونه ها}{section.3.5}% 21
\BOOKMARK [0][-]{chapter.4}{مقایسه روش‌های متفاوت}{}% 22
