\BOOKMARK [0][-]{section*.3}{فهرست اشکال}{}% 1
\BOOKMARK [0][-]{section*.4}{فهرست جداول}{}% 2
\BOOKMARK [0][-]{chapter.1}{شرح مسئله و روند کار}{}% 3
\BOOKMARK [1][-]{section.1.1}{مقدمه}{chapter.1}% 4
\BOOKMARK [1][-]{section.1.2}{روش اجرا}{chapter.1}% 5
\BOOKMARK [0][-]{chapter.2}{پیاده‌سازی رابط کاربری و Engine بازی}{}% 6
\BOOKMARK [1][-]{section.2.1}{Engine}{chapter.2}% 7
\BOOKMARK [2][-]{subsection.2.1.1}{تابع getAvailableMoves}{section.2.1}% 8
\BOOKMARK [2][-]{subsection.2.1.2}{تابع makeMove}{section.2.1}% 9
\BOOKMARK [1][-]{section.2.2}{رابط کاربری CLI}{chapter.2}% 10
\BOOKMARK [1][-]{section.2.3}{Agent ها}{chapter.2}% 11
\BOOKMARK [2][-]{subsection.2.3.1}{Human\040Agent}{section.2.3}% 12
\BOOKMARK [2][-]{subsection.2.3.2}{Minimax\040Agent}{section.2.3}% 13
\BOOKMARK [2][-]{subsection.2.3.3}{رجیستر کردن agentها }{section.2.3}% 14
\BOOKMARK [0][-]{chapter.3}{پیاده‌سازی الگوریتم Minimax}{}% 15
\BOOKMARK [1][-]{section.3.1}{Zobrist\040Hashing}{chapter.3}% 16
\BOOKMARK [1][-]{section.3.2}{تغییر جدول پس از هر حرکت}{chapter.3}% 17
\BOOKMARK [1][-]{section.3.3}{نگه‌داری موقعییت‌ها‌ی دیده شده}{chapter.3}% 18
\BOOKMARK [1][-]{section.3.4}{Alpha-Beta\040Pruning}{chapter.3}% 19
\BOOKMARK [1][-]{section.3.5}{الگوریتم}{chapter.3}% 20
\BOOKMARK [1][-]{section.3.6}{اتصال به Python}{chapter.3}% 21
\BOOKMARK [0][-]{appendix*.5}{منابع و مراجع}{}% 22
\BOOKMARK [0][-]{appendix*.6}{پیوست}{}% 23
