\BOOKMARK [0][-]{section*.3}{فهرست اشکال}{}% 1
\BOOKMARK [0][-]{section*.4}{فهرست جداول}{}% 2
\BOOKMARK [0][-]{chapter.1}{شرح مسئله و روند کار}{}% 3
\BOOKMARK [1][-]{section.1.1}{مقدمه}{chapter.1}% 4
\BOOKMARK [1][-]{section.1.2}{روش اجرا}{chapter.1}% 5
\BOOKMARK [0][-]{chapter.2}{دیتاست}{}% 6
\BOOKMARK [1][-]{subsection.2.0.1}{تبدیل دسته‌بندی‌ها به اعداد}{chapter.2}% 7
\BOOKMARK [0][-]{chapter.3}{الگوریتم‌ها}{}% 8
\BOOKMARK [1][-]{section.3.1}{Model}{chapter.3}% 9
\BOOKMARK [1][-]{section.3.2}{Decision\040Tree}{chapter.3}% 10
\BOOKMARK [2][-]{subsection.3.2.1}{خروجی}{section.3.2}% 11
\BOOKMARK [2][-]{subsection.3.2.2}{بررسی الگوریتم}{section.3.2}% 12
\BOOKMARK [1][-]{section.3.3}{Random\040Forest}{chapter.3}% 13
\BOOKMARK [2][-]{subsection.3.3.1}{بررسی الگوریتم}{section.3.3}% 14
\BOOKMARK [1][-]{section.3.4}{Perceptron\040and\040KNN}{chapter.3}% 15
\BOOKMARK [1][-]{section.3.5}{خروجی}{chapter.3}% 16
\BOOKMARK [2][-]{subsection.3.5.1}{بررسی الگوریتم}{section.3.5}% 17
\BOOKMARK [0][-]{chapter.4}{مقایسه‌ی الگوریتم‌ها}{}% 18
\BOOKMARK [0][-]{appendix*.5}{منابع و مراجع}{}% 19
\BOOKMARK [0][-]{appendix*.6}{پیوست}{}% 20
